<?xml version="1.0" encoding="UTF-8"?>
<testng-results ignored="0" total="1" passed="1" failed="0" skipped="0">
  <reporter-output>
  </reporter-output>
  <suite started-at="2023-07-29T14:44:00 GMT-04:00" name="Surefire suite" finished-at="2023-07-29T14:44:00 GMT-04:00" duration-ms="45">
    <groups>
    </groups>
    <test started-at="2023-07-29T14:44:00 GMT-04:00" name="Surefire test" finished-at="2023-07-29T14:44:00 GMT-04:00" duration-ms="45">
      <class name="com.saf.testcases.LoginPageTest">
        <test-method signature="test1()[pri:0, instance:com.saf.testcases.LoginPageTest@49dc7102]" started-at="2023-07-29T14:44:00 GMT-04:00" name="test1" finished-at="2023-07-29T14:44:00 GMT-04:00" duration-ms="5" status="PASS">
          <reporter-output>
          </reporter-output>
        </test-method> <!-- test1 -->
      </class> <!-- com.saf.testcases.LoginPageTest -->
    </test> <!-- Surefire test -->
  </suite> <!-- Surefire suite -->
</testng-results>
