<?xml version="1.0" encoding="UTF-8"?>
<testng-results ignored="0" total="1" passed="1" failed="0" skipped="0">
  <reporter-output>
  </reporter-output>
  <suite started-at="2023-08-11T14:21:28 GMT-04:00" name="Suite" finished-at="2023-08-11T14:21:42 GMT-04:00" duration-ms="14107">
    <groups>
    </groups>
    <test started-at="2023-08-11T14:21:28 GMT-04:00" name="Test" finished-at="2023-08-11T14:21:42 GMT-04:00" duration-ms="14107">
      <class name="com.saf.testcases.OrangeHRMTests">
        <test-method is-config="true" signature="setUp()[pri:0, instance:com.saf.testcases.OrangeHRMTests@5d534f5d]" started-at="2023-08-11T14:21:28 GMT-04:00" name="setUp" finished-at="2023-08-11T14:21:37 GMT-04:00" duration-ms="9516" status="PASS">
          <reporter-output>
          </reporter-output>
        </test-method> <!-- setUp -->
        <test-method signature="loginLogoutTest()[pri:0, instance:com.saf.testcases.OrangeHRMTests@5d534f5d]" started-at="2023-08-11T14:21:37 GMT-04:00" name="loginLogoutTest" finished-at="2023-08-11T14:21:42 GMT-04:00" duration-ms="4288" status="PASS">
          <reporter-output>
          </reporter-output>
        </test-method> <!-- loginLogoutTest -->
        <test-method is-config="true" signature="tearDown()[pri:0, instance:com.saf.testcases.OrangeHRMTests@5d534f5d]" started-at="2023-08-11T14:21:42 GMT-04:00" name="tearDown" finished-at="2023-08-11T14:21:42 GMT-04:00" duration-ms="248" status="PASS">
          <reporter-output>
          </reporter-output>
        </test-method> <!-- tearDown -->
      </class> <!-- com.saf.testcases.OrangeHRMTests -->
    </test> <!-- Test -->
  </suite> <!-- Suite -->
</testng-results>
